Determining if files pthread.h exist failed with the following output:
Change Dir: /home/ashish/cpp/IFM-OpenCV/CMakeFiles/CMakeTmp

Run Build Command:/usr/bin/make "cmTryCompileExec791887236/fast"
make: *** No rule to make target `cmTryCompileExec791887236/fast'.  Stop.

Source:
/* */
#include <pthread.h>


int main(){return 0;}

Determining if files pthread.h exist failed with the following output:
Change Dir: /home/ashish/cpp/IFM-OpenCV/CMakeFiles/CMakeTmp

Run Build Command:/usr/bin/make "cmTryCompileExec714308193/fast"
make[1]: Entering directory `/home/ashish/cpp/IFM-OpenCV/CMakeFiles/CMakeTmp'
/usr/bin/make -f CMakeFiles/cmTryCompileExec714308193.dir/build.make CMakeFiles/cmTryCompileExec714308193.dir/build
make[2]: Entering directory `/home/ashish/cpp/IFM-OpenCV/CMakeFiles/CMakeTmp'
/usr/bin/cmake -E cmake_progress_report /home/ashish/cpp/IFM-OpenCV/CMakeFiles/CMakeTmp/CMakeFiles 1
Building C object CMakeFiles/cmTryCompileExec714308193.dir/CheckIncludeFiles.c.o
/usr/bin/cc    -o CMakeFiles/cmTryCompileExec714308193.dir/CheckIncludeFiles.c.o   -c /home/ashish/cpp/IFM-OpenCV/CMakeFiles/CMakeTmp/CheckIncludeFiles.c
cc1: fatal error: /home/ashish/cpp/IFM-OpenCV/CMakeFiles/CMakeTmp/CheckIncludeFiles.c: No such file or directory
compilation terminated.
make[2]: *** [CMakeFiles/cmTryCompileExec714308193.dir/CheckIncludeFiles.c.o] Error 1
make[2]: Leaving directory `/home/ashish/cpp/IFM-OpenCV/CMakeFiles/CMakeTmp'
make[1]: *** [cmTryCompileExec714308193/fast] Error 2
make[1]: Leaving directory `/home/ashish/cpp/IFM-OpenCV/CMakeFiles/CMakeTmp'

Source:
/* */
#include <pthread.h>


int main(){return 0;}

Determining if the pthread_create exist failed with the following output:
Change Dir: /home/ashish/Work/cpp/IFM-OpenCV/CMakeFiles/CMakeTmp

Run Build Command:"/usr/bin/make" "cmTC_8dc24/fast"
/usr/bin/make -f CMakeFiles/cmTC_8dc24.dir/build.make CMakeFiles/cmTC_8dc24.dir/build
make[1]: Entering directory '/home/ashish/Work/cpp/IFM-OpenCV/CMakeFiles/CMakeTmp'
Building C object CMakeFiles/cmTC_8dc24.dir/CheckSymbolExists.c.o
/usr/bin/cc    -fPIC    -o CMakeFiles/cmTC_8dc24.dir/CheckSymbolExists.c.o   -c /home/ashish/Work/cpp/IFM-OpenCV/CMakeFiles/CMakeTmp/CheckSymbolExists.c
Linking C executable cmTC_8dc24
/usr/bin/cmake -E cmake_link_script CMakeFiles/cmTC_8dc24.dir/link.txt --verbose=1
/usr/bin/cc  -fPIC     CMakeFiles/cmTC_8dc24.dir/CheckSymbolExists.c.o  -o cmTC_8dc24 -rdynamic 
CMakeFiles/cmTC_8dc24.dir/CheckSymbolExists.c.o: In function `main':
CheckSymbolExists.c:(.text+0x1b): undefined reference to `pthread_create'
collect2: error: ld returned 1 exit status
CMakeFiles/cmTC_8dc24.dir/build.make:97: recipe for target 'cmTC_8dc24' failed
make[1]: *** [cmTC_8dc24] Error 1
make[1]: Leaving directory '/home/ashish/Work/cpp/IFM-OpenCV/CMakeFiles/CMakeTmp'
Makefile:126: recipe for target 'cmTC_8dc24/fast' failed
make: *** [cmTC_8dc24/fast] Error 2

File /home/ashish/Work/cpp/IFM-OpenCV/CMakeFiles/CMakeTmp/CheckSymbolExists.c:
/* */
#include <pthread.h>

int main(int argc, char** argv)
{
  (void)argv;
#ifndef pthread_create
  return ((int*)(&pthread_create))[argc];
#else
  (void)argc;
  return 0;
#endif
}

Determining if the function pthread_create exists in the pthreads failed with the following output:
Change Dir: /home/ashish/Work/cpp/IFM-OpenCV/CMakeFiles/CMakeTmp

Run Build Command:"/usr/bin/make" "cmTC_2c5bd/fast"
/usr/bin/make -f CMakeFiles/cmTC_2c5bd.dir/build.make CMakeFiles/cmTC_2c5bd.dir/build
make[1]: Entering directory '/home/ashish/Work/cpp/IFM-OpenCV/CMakeFiles/CMakeTmp'
Building C object CMakeFiles/cmTC_2c5bd.dir/CheckFunctionExists.c.o
/usr/bin/cc    -fPIC -DCHECK_FUNCTION_EXISTS=pthread_create   -o CMakeFiles/cmTC_2c5bd.dir/CheckFunctionExists.c.o   -c /usr/share/cmake-3.5/Modules/CheckFunctionExists.c
Linking C executable cmTC_2c5bd
/usr/bin/cmake -E cmake_link_script CMakeFiles/cmTC_2c5bd.dir/link.txt --verbose=1
/usr/bin/cc  -fPIC -DCHECK_FUNCTION_EXISTS=pthread_create    CMakeFiles/cmTC_2c5bd.dir/CheckFunctionExists.c.o  -o cmTC_2c5bd -rdynamic -lpthreads 
/usr/bin/ld: cannot find -lpthreads
collect2: error: ld returned 1 exit status
CMakeFiles/cmTC_2c5bd.dir/build.make:97: recipe for target 'cmTC_2c5bd' failed
make[1]: *** [cmTC_2c5bd] Error 1
make[1]: Leaving directory '/home/ashish/Work/cpp/IFM-OpenCV/CMakeFiles/CMakeTmp'
Makefile:126: recipe for target 'cmTC_2c5bd/fast' failed
make: *** [cmTC_2c5bd/fast] Error 2


